<?xml version="1.0" encoding="UTF-8"?>
<testng-results skipped="0" failed="0" total="1" passed="1">
  <reporter-output>
  </reporter-output>
  <suite name="Suite" duration-ms="38990" started-at="2019-12-23T08:19:33Z" finished-at="2019-12-23T08:20:12Z">
    <groups>
      <group name="cucumber">
        <method signature="AbstractTestNGCucumberTests.feature(cucumber.api.testng.CucumberFeatureWrapper)[pri:0, instance:runners.DemoRunner@5bcab519]" name="feature" class="cucumber.api.testng.AbstractTestNGCucumberTests"/>
      </group> <!-- cucumber -->
    </groups>
    <test name="Test" duration-ms="38990" started-at="2019-12-23T08:19:33Z" finished-at="2019-12-23T08:20:12Z">
      <class name="runners.DemoRunner">
        <test-method status="PASS" signature="setUpClass()[pri:0, instance:runners.DemoRunner@5bcab519]" name="setUpClass" is-config="true" duration-ms="372" started-at="2019-12-23T13:49:33Z" finished-at="2019-12-23T13:49:34Z">
          <reporter-output>
          </reporter-output>
        </test-method> <!-- setUpClass -->
        <test-method status="PASS" signature="setup()[pri:0, instance:runners.DemoRunner@5bcab519]" name="setup" is-config="true" duration-ms="332" started-at="2019-12-23T13:49:34Z" finished-at="2019-12-23T13:49:34Z">
          <reporter-output>
          </reporter-output>
        </test-method> <!-- setup -->
        <test-method status="PASS" signature="feature(cucumber.api.testng.CucumberFeatureWrapper)[pri:0, instance:runners.DemoRunner@5bcab519]" name="feature" duration-ms="37963" started-at="2019-12-23T13:49:34Z" description="Runs Cucumber Feature" data-provider="features" finished-at="2019-12-23T13:50:12Z">
          <params>
            <param index="0">
              <value>
                <![CDATA[Acceptance testing to validate SignIn Feature is working.]]>
              </value>
            </param>
          </params>
          <reporter-output>
          </reporter-output>
        </test-method> <!-- feature -->
        <test-method status="PASS" signature="tearDownClass()[pri:0, instance:runners.DemoRunner@5bcab519]" name="tearDownClass" is-config="true" duration-ms="154" started-at="2019-12-23T13:50:12Z" finished-at="2019-12-23T13:50:12Z">
          <reporter-output>
          </reporter-output>
        </test-method> <!-- tearDownClass -->
      </class> <!-- runners.DemoRunner -->
    </test> <!-- Test -->
  </suite> <!-- Suite -->
</testng-results>
